DIALS 1.dev.218-g7118d05
The following parameters have been modified:

input {
  experiments = experiments.json
  reflections = indexed.pickle
}

-----------------------------------------------------------------------------------------------------------------
Solution Metric fit  rmsd  min/max cc #spots lattice                                 unit_cell  volume      cb_op
-----------------------------------------------------------------------------------------------------------------
       9     0.0315 0.063 0.800/0.857   8099      tP  57.78  57.78 150.00  90.00  90.00  90.00  500820      a,b,c
       8     0.0315 0.062 0.800/0.969   8099      oC  81.72  81.73 150.02  90.00  90.00  90.00 1002035  a-b,a+b,c
       7     0.0274 0.061 0.969/0.969   8099      mC  81.73  81.75 150.03  90.00  89.99  90.00 1002418  a-b,a+b,c
       6     0.0315 0.062 0.805/0.805   8099      mC  81.74  81.72 150.02  90.00  89.99  90.00 1002061 a+b,-a+b,c
       5     0.0174 0.061 0.800/0.906   8099      oP  57.79  57.76 149.99  90.00  90.00  90.00  500639      a,b,c
       4     0.0155 0.061 0.821/0.821   8099      mP  57.77  57.80 150.00  90.00  90.02  90.00  500831   -b,-a,-c
       3     0.0174 0.060 0.906/0.906   8099      mP  57.80  57.77 150.01  90.00  89.99  90.00  500883      a,b,c
       2     0.0157 0.061 0.800/0.800   8099      mP  57.77 150.00  57.79  90.00  89.99  90.00  500847      b,c,a
       1     0.0000 0.060         -/-   8099      aP  57.80  57.78 150.02  90.01  89.99  89.99  501072      a,b,c
-----------------------------------------------------------------------------------------------------------------

usr+sys time: 0.86 seconds
wall clock time: 9.01 seconds
