DIALS 1.dev.75-g8c1986a
The following parameters have been modified:

refinement {
  parameterisation {
    crystal {
      scan_varying = True
    }
  }
}
input {
  experiments = refined_experiments.json
  reflections = refined.pickle
}

Configuring refiner

Summary statistics for 114451 observations matched to predictions:
--------------------------------------------------------------------------
|                   | Min     | Q1       | Med        | Q3      | Max    |
--------------------------------------------------------------------------
| Xc - Xo (mm)      | -0.5268 | -0.0344  | -0.003161  | 0.03178 | 0.6418 |
| Yc - Yo (mm)      | -1.399  | -0.02921 | -0.0003259 | 0.02929 | 1.249  |
| Phic - Phio (deg) | -1.826  | -0.01523 | -0.0006417 | 0.01419 | 1.892  |
| X weights         | 135.2   | 371.8    | 393.6      | 402.7   | 405.6  |
| Y weights         | 153.1   | 362.1    | 389.3      | 401.4   | 405.6  |
| Phi weights       | 304     | 519.3    | 530.3      | 533.3   | 533.3  |
--------------------------------------------------------------------------

11382 reflections have been flagged as outliers

Summary statistics for 103069 observations matched to predictions:
----------------------------------------------------------------------------
|                   | Min      | Q1       | Med        | Q3      | Max     |
----------------------------------------------------------------------------
| Xc - Xo (mm)      | -0.156   | -0.03297 | -0.002811  | 0.03044 | 0.1404  |
| Yc - Yo (mm)      | -0.1247  | -0.02661 | -3.798e-05 | 0.0273  | 0.1187  |
| Phic - Phio (deg) | -0.05999 | -0.01318 | -0.0001492 | 0.01344 | 0.06289 |
| X weights         | 135.2    | 377.6    | 395.2      | 402.9   | 405.6   |
| Y weights         | 153.1    | 369.4    | 391.7      | 401.9   | 405.6   |
| Phi weights       | 318.9    | 519.1    | 529.8      | 533.3   | 533.3   |
----------------------------------------------------------------------------

Performing refinement of a single Experiment...

Refinement steps:
--------------------------------------------------
| Step | Nref   | RMSD_X   | RMSD_Y   | RMSD_Phi |
|      |        | (mm)     | (mm)     | (deg)    |
--------------------------------------------------
| 0    | 103069 | 0.045364 | 0.039993 | 0.020314 |
| 1    | 103069 | 0.045053 | 0.037834 | 0.020263 |
| 2    | 103069 | 0.045061 | 0.037785 | 0.020255 |
| 3    | 103069 | 0.045066 | 0.037755 | 0.020204 |
| 4    | 103069 | 0.045069 | 0.037741 | 0.020078 |
| 5    | 103069 | 0.04507  | 0.037739 | 0.019914 |
| 6    | 103069 | 0.04507  | 0.037741 | 0.019833 |
| 7    | 103069 | 0.04507  | 0.037741 | 0.019823 |
| 8    | 103069 | 0.04507  | 0.037741 | 0.019822 |
--------------------------------------------------
RMSD no longer decreasing

RMSDs by experiment:
-----------------------------------------------
| Exp | Nref   | RMSD_X  | RMSD_Y  | RMSD_Z   |
| id  |        | (px)    | (px)    | (images) |
-----------------------------------------------
| 0   | 103069 | 0.26203 | 0.21943 | 0.13215  |
-----------------------------------------------

Final refined crystal model:
Crystal:
    Unit cell: (57.783, 57.783, 150.000, 90.000, 90.000, 90.000)
    Space group: P 4
    U matrix:  {{ 0.3455, -0.2590, -0.9020},
                { 0.8913,  0.3911,  0.2291},
                { 0.2935, -0.8831,  0.3660}}
    B matrix:  {{ 0.0173,  0.0000,  0.0000},
                { 0.0000,  0.0173,  0.0000},
                { 0.0000, -0.0000,  0.0067}}
    A = UB:    {{ 0.0060, -0.0045, -0.0060},
                { 0.0154,  0.0068,  0.0015},
                { 0.0051, -0.0153,  0.0024}}
    A sampled at 541 scan points

Saving refined experiments to refined_experiments.json
Updating predictions for indexed reflections
Saving reflections with updated predictions to refined.pickle

Total time taken: 25.22s
