DIALS 1.dev.218-g7118d05
The following parameters have been modified:

mtz {
  hklout = "integrated.mtz"
}
input {
  experiments = refined_experiments.json
  reflections = integrated.pickle
}

Removing 0 reflections with I/Sig(I) < -5.0
Removing 0 profile reflections with I/Sig(I) < -5.0
Removing 3856 incomplete reflections
Title: from dials.export_mtz
Space group symbol from file: P4
Space group number from file: 75
Space group from matrices: P 4 (No. 75)
Point group symbol from file: 4
Number of batches: 540
Number of crystals: 1
Number of Miller indices: 323418
Resolution range: 150.001 1.16997
History:
Crystal 1:
  Name: XTAL
  Project: DIALS
  Id: 1
  Unit cell: (57.7837, 57.7837, 150.001, 90, 90, 90)
  Number of datasets: 1
  Dataset 1:
    Name: FROMDIALS
    Id: 1
    Wavelength: 0.97625
    Number of columns: 17
    label        #valid  %valid    min     max type
    H            323418 100.00%   0.00   46.00 H: index h,k,l
    K            323418 100.00%   0.00   47.00 H: index h,k,l
    L            323418 100.00%   0.00  114.00 H: index h,k,l
    M_ISYM       323418 100.00%   1.00    8.00 Y: M/ISYM, packed partial/reject flag and symmetry number
    BATCH        323418 100.00%   3.00  540.00 B: BATCH number
    IPR          323418 100.00%  -2.16 3936.35 J: intensity
    SIGIPR       323418 100.00%   0.00   31.76 Q: standard deviation
    I            323418 100.00% -10.52 4229.67 J: intensity
    SIGI         323418 100.00%   0.01   32.98 Q: standard deviation
    BG           323418 100.00%   1.89  389.38 R: real
    SIGBG        323418 100.00%   1.51   22.74 R: real
    FRACTIONCALC 323418 100.00%   1.00    1.00 R: real
    XDET         323418 100.00%   6.65 2456.33 R: real
    YDET         323418 100.00%   5.77 2520.60 R: real
    ROT          323418 100.00%  82.01  162.69 R: real
    LP           323418 100.00%   0.00    0.76 R: real
    DQE          323418 100.00%   0.71    0.86 R: real

