DIALS 1.dev.121-g581cc32
The following parameters have been modified:

input {
  datablock = datablock.json
  reflections = strong.pickle
}

Found max_cell: 199.0 Angstrom
Setting d_min: 3.89
FFT gridding: (256,256,256)
Number of centroids used: 13297
Using d_min_step 0.7
model 1 (13040 reflections):
Crystal:
    Unit cell: (57.921, 58.371, 150.492, 89.490, 89.578, 89.680)
    Space group: P 1
    U matrix:  {{ 0.3455, -0.2607, -0.9015},
                { 0.8911,  0.3923,  0.2281},
                { 0.2942, -0.8821,  0.3679}}
    B matrix:  {{ 0.0173,  0.0000,  0.0000},
                {-0.0001,  0.0171,  0.0000},
                {-0.0001, -0.0002,  0.0066}}
    A = UB:    {{ 0.0061, -0.0043, -0.0060},
                { 0.0153,  0.0067,  0.0015},
                { 0.0051, -0.0152,  0.0024}}


246 unindexed reflections

################################################################################
Starting refinement (macro-cycle 1)
################################################################################

108 reflections have been flagged as outliers

Refinement steps:
------------------------------------------------
| Step | Nref | RMSD_X   | RMSD_Y   | RMSD_Phi |
|      |      | (mm)     | (mm)     | (deg)    |
------------------------------------------------
| 0    | 8099 | 0.28227  | 0.19022  | 0.17369  |
| 1    | 8099 | 0.045276 | 0.044451 | 0.08389  |
| 2    | 8099 | 0.038369 | 0.044054 | 0.047136 |
| 3    | 8099 | 0.036259 | 0.043348 | 0.030648 |
| 4    | 8099 | 0.034946 | 0.040504 | 0.021549 |
| 5    | 8099 | 0.033891 | 0.037746 | 0.017164 |
| 6    | 8099 | 0.032519 | 0.035364 | 0.016377 |
| 7    | 8099 | 0.031504 | 0.033857 | 0.016221 |
------------------------------------------------
RMSD target achieved

RMSDs by experiment:
---------------------------------------------
| Exp | Nref | RMSD_X  | RMSD_Y  | RMSD_Z   |
| id  |      | (px)    | (px)    | (images) |
---------------------------------------------
| 0   | 8099 | 0.18316 | 0.19684 | 0.10814  |
---------------------------------------------
Increasing resolution to 3.23 Angstrom
model 1 (23314 reflections):
Crystal:
    Unit cell: (57.806, 57.785, 150.031, 90.000, 89.980, 89.992)
    Space group: P 1
    U matrix:  {{ 0.3454, -0.2591, -0.9020},
                { 0.8914,  0.3910,  0.2291},
                { 0.2933, -0.8832,  0.3660}}
    B matrix:  {{ 0.0173,  0.0000,  0.0000},
                {-0.0000,  0.0173,  0.0000},
                {-0.0000, -0.0000,  0.0067}}
    A = UB:    {{ 0.0060, -0.0045, -0.0060},
                { 0.0154,  0.0068,  0.0015},
                { 0.0051, -0.0153,  0.0024}}


121 unindexed reflections

################################################################################
Starting refinement (macro-cycle 2)
################################################################################

950 reflections have been flagged as outliers

Refinement steps:
------------------------------------------------
| Step | Nref | RMSD_X   | RMSD_Y   | RMSD_Phi |
|      |      | (mm)     | (mm)     | (deg)    |
------------------------------------------------
| 0    | 8099 | 0.037849 | 0.031467 | 0.013864 |
| 1    | 8099 | 0.036206 | 0.031017 | 0.013935 |
| 2    | 8099 | 0.036159 | 0.030881 | 0.013862 |
| 3    | 8099 | 0.036076 | 0.030718 | 0.013805 |
| 4    | 8099 | 0.035896 | 0.030528 | 0.013792 |
| 5    | 8099 | 0.035523 | 0.030204 | 0.013797 |
| 6    | 8099 | 0.035041 | 0.029815 | 0.013779 |
| 7    | 8099 | 0.03476  | 0.029635 | 0.013743 |
| 8    | 8099 | 0.034702 | 0.029625 | 0.013728 |
| 9    | 8099 | 0.034699 | 0.029627 | 0.013726 |
| 10   | 8099 | 0.034699 | 0.029627 | 0.013726 |
------------------------------------------------
RMSD no longer decreasing

RMSDs by experiment:
---------------------------------------------
| Exp | Nref | RMSD_X  | RMSD_Y  | RMSD_Z   |
| id  |      | (px)    | (px)    | (images) |
---------------------------------------------
| 0   | 8099 | 0.20174 | 0.17225 | 0.091504 |
---------------------------------------------
Increasing resolution to 2.57 Angstrom
model 1 (43393 reflections):
Crystal:
    Unit cell: (57.807, 57.778, 150.033, 90.012, 89.988, 89.988)
    Space group: P 1
    U matrix:  {{ 0.3455, -0.2590, -0.9020},
                { 0.8914,  0.3909,  0.2292},
                { 0.2932, -0.8832,  0.3659}}
    B matrix:  {{ 0.0173,  0.0000,  0.0000},
                {-0.0000,  0.0173,  0.0000},
                {-0.0000,  0.0000,  0.0067}}
    A = UB:    {{ 0.0060, -0.0045, -0.0060},
                { 0.0154,  0.0068,  0.0015},
                { 0.0051, -0.0153,  0.0024}}


137 unindexed reflections

################################################################################
Starting refinement (macro-cycle 3)
################################################################################

2037 reflections have been flagged as outliers

Refinement steps:
------------------------------------------------
| Step | Nref | RMSD_X   | RMSD_Y   | RMSD_Phi |
|      |      | (mm)     | (mm)     | (deg)    |
------------------------------------------------
| 0    | 8099 | 0.041338 | 0.027636 | 0.014552 |
| 1    | 8099 | 0.038289 | 0.027417 | 0.014855 |
| 2    | 8099 | 0.038261 | 0.027368 | 0.014797 |
| 3    | 8099 | 0.038227 | 0.027323 | 0.014732 |
| 4    | 8099 | 0.038189 | 0.027301 | 0.014693 |
| 5    | 8099 | 0.038132 | 0.02728  | 0.014691 |
| 6    | 8099 | 0.038048 | 0.027269 | 0.014704 |
| 7    | 8099 | 0.037977 | 0.027289 | 0.014722 |
| 8    | 8099 | 0.037949 | 0.02731  | 0.014733 |
| 9    | 8099 | 0.037944 | 0.027314 | 0.014735 |
| 10   | 8099 | 0.037944 | 0.027314 | 0.014735 |
------------------------------------------------
RMSD no longer decreasing

RMSDs by experiment:
--------------------------------------------
| Exp | Nref | RMSD_X  | RMSD_Y | RMSD_Z   |
| id  |      | (px)    | (px)   | (images) |
--------------------------------------------
| 0   | 8099 | 0.22061 | 0.1588 | 0.098234 |
--------------------------------------------
Increasing resolution to 1.91 Angstrom
model 1 (89478 reflections):
Crystal:
    Unit cell: (57.820, 57.784, 150.035, 90.021, 89.997, 89.988)
    Space group: P 1
    U matrix:  {{ 0.3455, -0.2588, -0.9020},
                { 0.8914,  0.3909,  0.2293},
                { 0.2933, -0.8833,  0.3658}}
    B matrix:  {{ 0.0173,  0.0000,  0.0000},
                {-0.0000,  0.0173,  0.0000},
                {-0.0000,  0.0000,  0.0067}}
    A = UB:    {{ 0.0060, -0.0045, -0.0060},
                { 0.0154,  0.0068,  0.0015},
                { 0.0051, -0.0153,  0.0024}}


308 unindexed reflections

################################################################################
Starting refinement (macro-cycle 4)
################################################################################

6764 reflections have been flagged as outliers

Refinement steps:
------------------------------------------------
| Step | Nref | RMSD_X   | RMSD_Y   | RMSD_Phi |
|      |      | (mm)     | (mm)     | (deg)    |
------------------------------------------------
| 0    | 8099 | 0.043402 | 0.034957 | 0.018261 |
| 1    | 8099 | 0.042233 | 0.034455 | 0.018232 |
| 2    | 8099 | 0.042208 | 0.03437  | 0.018186 |
| 3    | 8099 | 0.042168 | 0.034176 | 0.018143 |
| 4    | 8099 | 0.042118 | 0.033808 | 0.018109 |
| 5    | 8099 | 0.04213  | 0.033278 | 0.018082 |
| 6    | 8099 | 0.042239 | 0.032787 | 0.018056 |
| 7    | 8099 | 0.042342 | 0.032519 | 0.018046 |
| 8    | 8099 | 0.042382 | 0.032447 | 0.018048 |
| 9    | 8099 | 0.042389 | 0.032437 | 0.018049 |
| 10   | 8099 | 0.042389 | 0.032437 | 0.018049 |
------------------------------------------------
RMSD no longer decreasing

RMSDs by experiment:
---------------------------------------------
| Exp | Nref | RMSD_X  | RMSD_Y  | RMSD_Z   |
| id  |      | (px)    | (px)    | (images) |
---------------------------------------------
| 0   | 8099 | 0.24645 | 0.18859 | 0.12033  |
---------------------------------------------
Increasing resolution to 1.26 Angstrom
model 1 (114682 reflections):
Crystal:
    Unit cell: (57.818, 57.787, 150.045, 90.018, 89.992, 89.986)
    Space group: P 1
    U matrix:  {{ 0.3455, -0.2589, -0.9020},
                { 0.8914,  0.3909,  0.2293},
                { 0.2932, -0.8833,  0.3658}}
    B matrix:  {{ 0.0173,  0.0000,  0.0000},
                {-0.0000,  0.0173,  0.0000},
                {-0.0000,  0.0000,  0.0067}}
    A = UB:    {{ 0.0060, -0.0045, -0.0060},
                { 0.0154,  0.0068,  0.0015},
                { 0.0051, -0.0153,  0.0024}}


342 unindexed reflections

################################################################################
Starting refinement (macro-cycle 5)
################################################################################

11778 reflections have been flagged as outliers

Refinement steps:
------------------------------------------------
| Step | Nref | RMSD_X   | RMSD_Y   | RMSD_Phi |
|      |      | (mm)     | (mm)     | (deg)    |
------------------------------------------------
| 0    | 8099 | 0.045169 | 0.037462 | 0.020582 |
| 1    | 8099 | 0.04495  | 0.037215 | 0.020544 |
| 2    | 8099 | 0.044918 | 0.037089 | 0.020519 |
| 3    | 8099 | 0.044849 | 0.036899 | 0.02051  |
| 4    | 8099 | 0.044728 | 0.036677 | 0.020516 |
| 5    | 8099 | 0.044597 | 0.036472 | 0.02052  |
| 6    | 8099 | 0.044525 | 0.036357 | 0.020527 |
| 7    | 8099 | 0.044507 | 0.036307 | 0.020536 |
| 8    | 8099 | 0.044507 | 0.036294 | 0.020541 |
| 9    | 8099 | 0.044508 | 0.036292 | 0.020542 |
------------------------------------------------
RMSD no longer decreasing

RMSDs by experiment:
--------------------------------------------
| Exp | Nref | RMSD_X  | RMSD_Y | RMSD_Z   |
| id  |      | (px)    | (px)   | (images) |
--------------------------------------------
| 0   | 8099 | 0.25877 | 0.211  | 0.13695  |
--------------------------------------------
Final refined crystal models:
model 1 (114682 reflections):
Crystal:
    Unit cell: (57.812, 57.784, 150.036, 90.012, 89.990, 89.989)
    Space group: P 1
    U matrix:  {{ 0.3455, -0.2589, -0.9020},
                { 0.8914,  0.3909,  0.2292},
                { 0.2933, -0.8833,  0.3658}}
    B matrix:  {{ 0.0173,  0.0000,  0.0000},
                {-0.0000,  0.0173,  0.0000},
                {-0.0000,  0.0000,  0.0067}}
    A = UB:    {{ 0.0060, -0.0045, -0.0060},
                { 0.0154,  0.0068,  0.0015},
                { 0.0051, -0.0153,  0.0024}}

Saving refined experiments to experiments.json
Saving refined reflections to indexed.pickle
